<?xml version="1.0" encoding="utf-8"?><testsuites name="pytest tests"><testsuite name="pytest" errors="0" failures="0" skipped="0" tests="16" time="9.588" timestamp="2026-02-25T15:40:52.439835+00:00" hostname="agent-env-c857a5ca-a7a5-4a26-afac-93a3f50c2d26"><testcase classname="backend.tests.test_cors_auth_mobile.TestCORSConfiguration" name="test_cors_allows_credentials" time="0.238" /><testcase classname="backend.tests.test_cors_auth_mobile.TestCORSConfiguration" name="test_cors_preflight_with_auth_header" time="0.049" /><testcase classname="backend.tests.test_cors_auth_mobile.TestLoginEndpoint" name="test_login_returns_session_token_in_body" time="0.435" /><testcase classname="backend.tests.test_cors_auth_mobile.TestLoginEndpoint" name="test_login_sets_cookie_with_correct_attributes" time="0.385" /><testcase classname="backend.tests.test_cors_auth_mobile.TestLoginEndpoint" name="test_login_with_invalid_credentials" time="0.374" /><testcase classname="backend.tests.test_cors_auth_mobile.TestLoginEndpoint" name="test_login_with_nonexistent_email" time="0.100" /><testcase classname="backend.tests.test_cors_auth_mobile.TestBearerTokenAuth" name="test_auth_me_with_bearer_token" time="0.696" /><testcase classname="backend.tests.test_cors_auth_mobile.TestBearerTokenAuth" name="test_auth_me_with_invalid_bearer_token" time="0.724" /><testcase classname="backend.tests.test_cors_auth_mobile.TestBearerTokenAuth" name="test_auth_me_without_any_auth" time="0.203" /><testcase classname="backend.tests.test_cors_auth_mobile.TestStaleSessionCleanup" name="test_multiple_logins_work" time="1.594" /><testcase classname="backend.tests.test_cors_auth_mobile.TestStaleSessionCleanup" name="test_login_with_stale_cookie_succeeds" time="0.492" /><testcase classname="backend.tests.test_cors_auth_mobile.TestLogoutEndpoint" name="test_logout_invalidates_session" time="0.850" /><testcase classname="backend.tests.test_cors_auth_mobile.TestAdminLogin" name="test_admin_login" time="0.360" /><testcase classname="backend.tests.test_cors_auth_mobile.TestAdminLogin" name="test_admin_auth_me_with_bearer" time="0.676" /><testcase classname="backend.tests.test_cors_auth_mobile.TestProtectedEndpoints" name="test_sorteos_list_public" time="0.122" /><testcase classname="backend.tests.test_cors_auth_mobile.TestProtectedEndpoints" name="test_user_boletos_with_bearer" time="2.162" /></testsuite></testsuites>