<?xml version="1.0" encoding="utf-8"?><testsuites name="pytest tests"><testsuite name="pytest" errors="0" failures="0" skipped="0" tests="14" time="4.091" timestamp="2026-02-04T16:31:59.438256+00:00" hostname="agent-env-50ef1c96-a88b-4302-ae3b-8ed0db0fb83b"><testcase classname="backend.tests.test_ocultar_sorteo.TestGoogleDriveURLConversion" name="test_google_drive_file_d_format" time="0.001" /><testcase classname="backend.tests.test_ocultar_sorteo.TestGoogleDriveURLConversion" name="test_google_drive_open_format" time="0.001" /><testcase classname="backend.tests.test_ocultar_sorteo.TestGoogleDriveURLConversion" name="test_google_drive_uc_format" time="0.001" /><testcase classname="backend.tests.test_ocultar_sorteo.TestGoogleDriveURLConversion" name="test_non_google_drive_url_unchanged" time="0.000" /><testcase classname="backend.tests.test_ocultar_sorteo.TestAuthEndpoints" name="test_admin_login" time="0.427" /><testcase classname="backend.tests.test_ocultar_sorteo.TestAuthEndpoints" name="test_user_login" time="0.357" /><testcase classname="backend.tests.test_ocultar_sorteo.TestOcultarSorteoEndpoint" name="test_ocultar_sorteo_toggle_on" time="0.473" /><testcase classname="backend.tests.test_ocultar_sorteo.TestOcultarSorteoEndpoint" name="test_ocultar_sorteo_toggle_off" time="0.422" /><testcase classname="backend.tests.test_ocultar_sorteo.TestOcultarSorteoEndpoint" name="test_ocultar_requires_admin" time="0.056" /><testcase classname="backend.tests.test_ocultar_sorteo.TestOcultarSorteoEndpoint" name="test_ocultar_nonexistent_sorteo" time="0.410" /><testcase classname="backend.tests.test_ocultar_sorteo.TestSorteosFiltering" name="test_get_sorteos_excludes_ocultos_by_default" time="1.179" /><testcase classname="backend.tests.test_ocultar_sorteo.TestSorteosFiltering" name="test_get_sorteos_includes_ocultos_with_param" time="0.509" /><testcase classname="backend.tests.test_ocultar_sorteo.TestHealthAndBasicEndpoints" name="test_api_health" time="0.057" /><testcase classname="backend.tests.test_ocultar_sorteo.TestHealthAndBasicEndpoints" name="test_sorteos_list_structure" time="0.052" /></testsuite></testsuites>