<?xml version="1.0" encoding="utf-8"?><testsuites name="pytest tests"><testsuite name="pytest" errors="0" failures="0" skipped="0" tests="11" time="4.534" timestamp="2026-02-04T17:16:21.801611+00:00" hostname="agent-env-50ef1c96-a88b-4302-ae3b-8ed0db0fb83b"><testcase classname="backend.tests.test_pagination_delete.TestUserPagination" name="test_pagination_returns_correct_structure" time="0.576" /><testcase classname="backend.tests.test_pagination_delete.TestUserPagination" name="test_pagination_respects_limit" time="0.448" /><testcase classname="backend.tests.test_pagination_delete.TestUserPagination" name="test_pagination_default_limit_is_10" time="0.357" /><testcase classname="backend.tests.test_pagination_delete.TestUserPagination" name="test_pagination_page_calculation" time="0.353" /><testcase classname="backend.tests.test_pagination_delete.TestUserPagination" name="test_pagination_requires_admin" time="0.409" /><testcase classname="backend.tests.test_pagination_delete.TestDeleteSorteo" name="test_delete_waiting_sorteo_without_boletos" time="0.389" /><testcase classname="backend.tests.test_pagination_delete.TestDeleteSorteo" name="test_delete_sorteo_with_boletos_requires_confirmation" time="0.372" /><testcase classname="backend.tests.test_pagination_delete.TestDeleteSorteo" name="test_delete_live_sorteo_not_allowed" time="0.351" /><testcase classname="backend.tests.test_pagination_delete.TestDeleteSorteo" name="test_delete_nonexistent_sorteo" time="0.352" /><testcase classname="backend.tests.test_pagination_delete.TestDeleteSorteo" name="test_delete_requires_admin" time="0.390" /><testcase classname="backend.tests.test_pagination_delete.TestCreateAndDeleteSorteo" name="test_create_publish_and_delete_sorteo" time="0.399" /></testsuite></testsuites>