<?xml version="1.0" encoding="utf-8"?><testsuites name="pytest tests"><testsuite name="pytest" errors="0" failures="0" skipped="1" tests="13" time="2.946" timestamp="2026-02-24T20:28:15.951654+00:00" hostname="agent-env-c857a5ca-a7a5-4a26-afac-93a3f50c2d26"><testcase classname="backend.tests.test_dashboard_pagination.TestPurchaseLimitValidation" name="test_purchase_limit_backend_code_exists" time="0.001" /><testcase classname="backend.tests.test_dashboard_pagination.TestPurchaseLimitValidation" name="test_purchase_over_500_returns_400" time="0.964"><skipped type="pytest.skip" message="No published sorteo available for testing">/app/backend/tests/test_dashboard_pagination.py:102: No published sorteo available for testing</skipped></testcase><testcase classname="backend.tests.test_dashboard_pagination.TestMisBoletosEndpoints" name="test_mis_boletos_no_limit" time="0.319" /><testcase classname="backend.tests.test_dashboard_pagination.TestMisBoletosEndpoints" name="test_mis_boletos_resumen_structure" time="0.177" /><testcase classname="backend.tests.test_dashboard_pagination.TestMisBoletosEndpoints" name="test_mis_boletos_por_sorteo_pagination" time="0.414" /><testcase classname="backend.tests.test_dashboard_pagination.TestMisBoletosEndpoints" name="test_mis_boletos_por_sorteo_estado_filter" time="0.808" /><testcase classname="backend.tests.test_dashboard_pagination.TestFrontendCodeIntegrity" name="test_usuario_dashboard_has_summary_view" time="0.001" /><testcase classname="backend.tests.test_dashboard_pagination.TestFrontendCodeIntegrity" name="test_usuario_dashboard_has_detail_view" time="0.001" /><testcase classname="backend.tests.test_dashboard_pagination.TestFrontendCodeIntegrity" name="test_sorteo_landing_has_500_limit" time="0.002" /><testcase classname="backend.tests.test_dashboard_pagination.TestFrontendCodeIntegrity" name="test_sorteo_landing_max_attribute" time="0.002" /><testcase classname="backend.tests.test_dashboard_pagination.TestBackendCodeIntegrity" name="test_mis_boletos_has_no_hard_limit" time="0.002" /><testcase classname="backend.tests.test_dashboard_pagination.TestBackendCodeIntegrity" name="test_resumen_endpoint_exists" time="0.001" /><testcase classname="backend.tests.test_dashboard_pagination.TestBackendCodeIntegrity" name="test_paginated_sorteo_endpoint_exists" time="0.001" /></testsuite></testsuites>