<?xml version="1.0" encoding="utf-8"?><testsuites name="pytest tests"><testsuite name="pytest" errors="0" failures="1" skipped="0" tests="16" time="5.551" timestamp="2026-02-24T21:15:25.868000+00:00" hostname="agent-env-c857a5ca-a7a5-4a26-afac-93a3f50c2d26"><testcase classname="backend.tests.test_bulk_performance.TestBulkValidationEndpoint" name="test_bulk_validation_empty_list" time="0.212" /><testcase classname="backend.tests.test_bulk_performance.TestBulkValidationEndpoint" name="test_bulk_validation_available_numbers" time="0.300" /><testcase classname="backend.tests.test_bulk_performance.TestBulkValidationEndpoint" name="test_bulk_validation_out_of_range" time="0.098" /><testcase classname="backend.tests.test_bulk_performance.TestBulkValidationEndpoint" name="test_bulk_validation_sorteo_not_found" time="0.095" /><testcase classname="backend.tests.test_bulk_performance.TestBulkValidationEndpoint" name="test_bulk_validation_performance_500_numbers" time="0.240" /><testcase classname="backend.tests.test_bulk_performance.TestSingleValidationBackwardCompatibility" name="test_single_validation_available_number" time="0.287" /><testcase classname="backend.tests.test_bulk_performance.TestSingleValidationBackwardCompatibility" name="test_single_validation_occupied_number" time="0.576" /><testcase classname="backend.tests.test_bulk_performance.TestNumerosDisponibles" name="test_get_numeros_disponibles_structure" time="0.216" /><testcase classname="backend.tests.test_bulk_performance.TestNumerosDisponibles" name="test_get_numeros_disponibles_sorteo_not_found" time="0.137" /><testcase classname="backend.tests.test_bulk_performance.TestOptimizedPurchase" name="test_purchase_with_occupied_numbers_returns_error" time="0.547" /><testcase classname="backend.tests.test_bulk_performance.TestOptimizedPurchase" name="test_purchase_out_of_range_returns_error" time="0.066" /><testcase classname="backend.tests.test_bulk_performance.TestOptimizedPurchase" name="test_purchase_exceeds_limit_returns_error" time="0.079" /><testcase classname="backend.tests.test_bulk_performance.TestOptimizedPurchase" name="test_purchase_performance_small_batch" time="0.200" /><testcase classname="backend.tests.test_bulk_performance.TestBulkValidationVsSingleComparison" name="test_bulk_vs_single_performance" time="2.092" /><testcase classname="backend.tests.test_bulk_performance.TestErrorHandling" name="test_bulk_validation_invalid_json" time="0.074"><failure message="assert 500 in [400, 422]&#10; +  where 500 = &lt;Response [500]&gt;.status_code">backend/tests/test_bulk_performance.py:387: in test_bulk_validation_invalid_json
    assert response.status_code in [400, 422]
E   assert 500 in [400, 422]
E    +  where 500 = &lt;Response [500]&gt;.status_code</failure></testcase><testcase classname="backend.tests.test_bulk_performance.TestErrorHandling" name="test_bulk_validation_missing_numeros_field" time="0.074" /></testsuite></testsuites>